0 info it worked if it ends with ok
1 verbose cli [ '/usr/bin/nodejs',
1 verbose cli   '/usr/bin/npm',
1 verbose cli   'install',
1 verbose cli   'ethereum-input-data-decoder' ]
2 info using npm@3.5.2
3 info using node@v4.2.6
4 silly loadCurrentTree Starting
5 silly install loadCurrentTree
6 silly install readLocalPackageData
7 silly fetchPackageMetaData ethereum-input-data-decoder
8 silly fetchNamedPackageData ethereum-input-data-decoder
9 silly mapToRegistry name ethereum-input-data-decoder
10 silly mapToRegistry using default registry
11 silly mapToRegistry registry https://registry.npmjs.org/
12 silly mapToRegistry uri https://registry.npmjs.org/ethereum-input-data-decoder
13 verbose request uri https://registry.npmjs.org/ethereum-input-data-decoder
14 verbose request no auth needed
15 info attempt registry request try #1 at 11:41:42 PM
16 verbose request id 6b9f1ed47322f23b
17 verbose etag W/"59b2d39f-1c67"
18 verbose lastModified Fri, 08 Sep 2017 17:30:07 GMT
19 http request GET https://registry.npmjs.org/ethereum-input-data-decoder
20 http 304 https://registry.npmjs.org/ethereum-input-data-decoder
21 verbose headers { date: 'Sat, 11 Nov 2017 07:41:42 GMT',
21 verbose headers   via: '1.1 varnish',
21 verbose headers   'cache-control': 'max-age=300',
21 verbose headers   etag: 'W/"59b2d39f-1c67"',
21 verbose headers   age: '0',
21 verbose headers   connection: 'keep-alive',
21 verbose headers   'x-served-by': 'cache-fjr7921-FJR',
21 verbose headers   'x-cache': 'MISS',
21 verbose headers   'x-cache-hits': '0',
21 verbose headers   'x-timer': 'S1510386103.716886,VS0,VE128',
21 verbose headers   vary: 'Accept-Encoding, Accept' }
22 silly get cb [ 304,
22 silly get   { date: 'Sat, 11 Nov 2017 07:41:42 GMT',
22 silly get     via: '1.1 varnish',
22 silly get     'cache-control': 'max-age=300',
22 silly get     etag: 'W/"59b2d39f-1c67"',
22 silly get     age: '0',
22 silly get     connection: 'keep-alive',
22 silly get     'x-served-by': 'cache-fjr7921-FJR',
22 silly get     'x-cache': 'MISS',
22 silly get     'x-cache-hits': '0',
22 silly get     'x-timer': 'S1510386103.716886,VS0,VE128',
22 silly get     vary: 'Accept-Encoding, Accept' } ]
23 verbose etag https://registry.npmjs.org/ethereum-input-data-decoder from cache
24 verbose get saving ethereum-input-data-decoder to /home/gnu/.npm/registry.npmjs.org/ethereum-input-data-decoder/.cache.json
25 silly install normalizeTree
26 silly loadCurrentTree Finishing
27 silly loadIdealTree Starting
28 silly install loadIdealTree
29 silly cloneCurrentTree Starting
30 silly install cloneCurrentTreeToIdealTree
31 silly cloneCurrentTree Finishing
32 silly loadShrinkwrap Starting
33 silly install loadShrinkwrap
34 silly loadShrinkwrap Finishing
35 silly loadAllDepsIntoIdealTree Starting
36 silly install loadAllDepsIntoIdealTree
37 silly resolveWithNewModule ethereum-input-data-decoder@0.0.3 checking installable status
38 silly cache add args [ 'ethereum-input-data-decoder', null ]
39 verbose cache add spec ethereum-input-data-decoder
40 silly cache add parsed spec Result {
40 silly cache add   raw: 'ethereum-input-data-decoder',
40 silly cache add   scope: null,
40 silly cache add   name: 'ethereum-input-data-decoder',
40 silly cache add   rawSpec: '',
40 silly cache add   spec: 'latest',
40 silly cache add   type: 'tag' }
41 silly addNamed ethereum-input-data-decoder@latest
42 verbose addNamed "latest" is being treated as a dist-tag for ethereum-input-data-decoder
43 info addNameTag [ 'ethereum-input-data-decoder', 'latest' ]
44 silly mapToRegistry name ethereum-input-data-decoder
45 silly mapToRegistry using default registry
46 silly mapToRegistry registry https://registry.npmjs.org/
47 silly mapToRegistry uri https://registry.npmjs.org/ethereum-input-data-decoder
48 verbose addNameTag registry:https://registry.npmjs.org/ethereum-input-data-decoder not in flight; fetching
49 verbose get https://registry.npmjs.org/ethereum-input-data-decoder not expired, no request
50 silly addNameTag next cb for ethereum-input-data-decoder with tag latest
51 silly addNamed ethereum-input-data-decoder@0.0.3
52 verbose addNamed "0.0.3" is a plain semver version for ethereum-input-data-decoder
53 silly cache afterAdd ethereum-input-data-decoder@0.0.3
54 verbose afterAdd /home/gnu/.npm/ethereum-input-data-decoder/0.0.3/package/package.json not in flight; writing
55 verbose afterAdd /home/gnu/.npm/ethereum-input-data-decoder/0.0.3/package/package.json written
56 silly fetchNamedPackageData ethereumjs-abi
57 silly mapToRegistry name ethereumjs-abi
58 silly mapToRegistry using default registry
59 silly mapToRegistry registry https://registry.npmjs.org/
60 silly mapToRegistry uri https://registry.npmjs.org/ethereumjs-abi
61 verbose request uri https://registry.npmjs.org/ethereumjs-abi
62 verbose request no auth needed
63 info attempt registry request try #1 at 11:41:43 PM
64 verbose etag W/"57c425ee-587c"
65 verbose lastModified Mon, 29 Aug 2016 12:09:18 GMT
66 http request GET https://registry.npmjs.org/ethereumjs-abi
67 http 304 https://registry.npmjs.org/ethereumjs-abi
68 verbose headers { date: 'Sat, 11 Nov 2017 07:41:43 GMT',
68 verbose headers   via: '1.1 varnish',
68 verbose headers   'cache-control': 'max-age=300',
68 verbose headers   etag: 'W/"57c425ee-587c"',
68 verbose headers   age: '0',
68 verbose headers   connection: 'keep-alive',
68 verbose headers   'x-served-by': 'cache-fjr7920-FJR',
68 verbose headers   'x-cache': 'MISS',
68 verbose headers   'x-cache-hits': '0',
68 verbose headers   'x-timer': 'S1510386103.226318,VS0,VE114',
68 verbose headers   vary: 'Accept-Encoding, Accept' }
69 silly get cb [ 304,
69 silly get   { date: 'Sat, 11 Nov 2017 07:41:43 GMT',
69 silly get     via: '1.1 varnish',
69 silly get     'cache-control': 'max-age=300',
69 silly get     etag: 'W/"57c425ee-587c"',
69 silly get     age: '0',
69 silly get     connection: 'keep-alive',
69 silly get     'x-served-by': 'cache-fjr7920-FJR',
69 silly get     'x-cache': 'MISS',
69 silly get     'x-cache-hits': '0',
69 silly get     'x-timer': 'S1510386103.226318,VS0,VE114',
69 silly get     vary: 'Accept-Encoding, Accept' } ]
70 verbose etag https://registry.npmjs.org/ethereumjs-abi from cache
71 verbose get saving ethereumjs-abi to /home/gnu/.npm/registry.npmjs.org/ethereumjs-abi/.cache.json
72 silly resolveWithNewModule ethereumjs-abi@0.6.4 checking installable status
73 silly cache add args [ 'ethereumjs-abi@^0.6.4', null ]
74 verbose cache add spec ethereumjs-abi@^0.6.4
75 silly cache add parsed spec Result {
75 silly cache add   raw: 'ethereumjs-abi@^0.6.4',
75 silly cache add   scope: null,
75 silly cache add   name: 'ethereumjs-abi',
75 silly cache add   rawSpec: '^0.6.4',
75 silly cache add   spec: '>=0.6.4 <0.7.0',
75 silly cache add   type: 'range' }
76 silly addNamed ethereumjs-abi@>=0.6.4 <0.7.0
77 verbose addNamed ">=0.6.4 <0.7.0" is a valid semver range for ethereumjs-abi
78 silly addNameRange { name: 'ethereumjs-abi',
78 silly addNameRange   range: '>=0.6.4 <0.7.0',
78 silly addNameRange   hasData: false }
79 silly mapToRegistry name ethereumjs-abi
80 silly mapToRegistry using default registry
81 silly mapToRegistry registry https://registry.npmjs.org/
82 silly mapToRegistry uri https://registry.npmjs.org/ethereumjs-abi
83 verbose addNameRange registry:https://registry.npmjs.org/ethereumjs-abi not in flight; fetching
84 verbose get https://registry.npmjs.org/ethereumjs-abi not expired, no request
85 silly addNameRange number 2 { name: 'ethereumjs-abi',
85 silly addNameRange   range: '>=0.6.4 <0.7.0',
85 silly addNameRange   hasData: true }
86 silly addNameRange versions [ 'ethereumjs-abi',
86 silly addNameRange   [ '0.1.0',
86 silly addNameRange     '0.2.0',
86 silly addNameRange     '0.3.0',
86 silly addNameRange     '0.4.0',
86 silly addNameRange     '0.5.0',
86 silly addNameRange     '0.5.1',
86 silly addNameRange     '0.6.0',
86 silly addNameRange     '0.6.1',
86 silly addNameRange     '0.6.2',
86 silly addNameRange     '0.6.3',
86 silly addNameRange     '0.6.4' ] ]
87 silly addNamed ethereumjs-abi@0.6.4
88 verbose addNamed "0.6.4" is a plain semver version for ethereumjs-abi
89 silly cache afterAdd ethereumjs-abi@0.6.4
90 verbose afterAdd /home/gnu/.npm/ethereumjs-abi/0.6.4/package/package.json not in flight; writing
91 verbose afterAdd /home/gnu/.npm/ethereumjs-abi/0.6.4/package/package.json written
92 silly fetchNamedPackageData ethereumjs-util
93 silly mapToRegistry name ethereumjs-util
94 silly mapToRegistry using default registry
95 silly mapToRegistry registry https://registry.npmjs.org/
96 silly mapToRegistry uri https://registry.npmjs.org/ethereumjs-util
97 verbose request uri https://registry.npmjs.org/ethereumjs-util
98 verbose request no auth needed
99 info attempt registry request try #1 at 11:41:43 PM
100 verbose etag W/"59db5133-18776"
101 verbose lastModified Mon, 09 Oct 2017 10:36:35 GMT
102 http request GET https://registry.npmjs.org/ethereumjs-util
103 http 304 https://registry.npmjs.org/ethereumjs-util
104 verbose headers { date: 'Sat, 11 Nov 2017 07:41:43 GMT',
104 verbose headers   via: '1.1 varnish',
104 verbose headers   'cache-control': 'max-age=300',
104 verbose headers   etag: 'W/"59db5133-18776"',
104 verbose headers   age: '0',
104 verbose headers   connection: 'keep-alive',
104 verbose headers   'x-served-by': 'cache-fjr7921-FJR',
104 verbose headers   'x-cache': 'MISS',
104 verbose headers   'x-cache-hits': '0',
104 verbose headers   'x-timer': 'S1510386103.444933,VS0,VE108',
104 verbose headers   vary: 'Accept-Encoding, Accept' }
105 silly get cb [ 304,
105 silly get   { date: 'Sat, 11 Nov 2017 07:41:43 GMT',
105 silly get     via: '1.1 varnish',
105 silly get     'cache-control': 'max-age=300',
105 silly get     etag: 'W/"59db5133-18776"',
105 silly get     age: '0',
105 silly get     connection: 'keep-alive',
105 silly get     'x-served-by': 'cache-fjr7921-FJR',
105 silly get     'x-cache': 'MISS',
105 silly get     'x-cache-hits': '0',
105 silly get     'x-timer': 'S1510386103.444933,VS0,VE108',
105 silly get     vary: 'Accept-Encoding, Accept' } ]
106 verbose etag https://registry.npmjs.org/ethereumjs-util from cache
107 verbose get saving ethereumjs-util to /home/gnu/.npm/registry.npmjs.org/ethereumjs-util/.cache.json
108 silly resolveWithNewModule ethereumjs-util@4.5.0 checking installable status
109 silly cache add args [ 'ethereumjs-util@^4.3.0', null ]
110 verbose cache add spec ethereumjs-util@^4.3.0
111 silly cache add parsed spec Result {
111 silly cache add   raw: 'ethereumjs-util@^4.3.0',
111 silly cache add   scope: null,
111 silly cache add   name: 'ethereumjs-util',
111 silly cache add   rawSpec: '^4.3.0',
111 silly cache add   spec: '>=4.3.0 <5.0.0',
111 silly cache add   type: 'range' }
112 silly addNamed ethereumjs-util@>=4.3.0 <5.0.0
113 verbose addNamed ">=4.3.0 <5.0.0" is a valid semver range for ethereumjs-util
114 silly addNameRange { name: 'ethereumjs-util',
114 silly addNameRange   range: '>=4.3.0 <5.0.0',
114 silly addNameRange   hasData: false }
115 silly mapToRegistry name ethereumjs-util
116 silly mapToRegistry using default registry
117 silly mapToRegistry registry https://registry.npmjs.org/
118 silly mapToRegistry uri https://registry.npmjs.org/ethereumjs-util
119 verbose addNameRange registry:https://registry.npmjs.org/ethereumjs-util not in flight; fetching
120 verbose get https://registry.npmjs.org/ethereumjs-util not expired, no request
121 silly addNameRange number 2 { name: 'ethereumjs-util',
121 silly addNameRange   range: '>=4.3.0 <5.0.0',
121 silly addNameRange   hasData: true }
122 silly addNameRange versions [ 'ethereumjs-util',
122 silly addNameRange   [ '0.0.2',
122 silly addNameRange     '0.0.3',
122 silly addNameRange     '0.0.4',
122 silly addNameRange     '0.0.5',
122 silly addNameRange     '0.0.6',
122 silly addNameRange     '0.0.7',
122 silly addNameRange     '0.0.8',
122 silly addNameRange     '0.0.9',
122 silly addNameRange     '0.0.10',
122 silly addNameRange     '0.1.0',
122 silly addNameRange     '1.0.0',
122 silly addNameRange     '1.0.1',
122 silly addNameRange     '1.0.2',
122 silly addNameRange     '1.0.3',
122 silly addNameRange     '1.1.0',
122 silly addNameRange     '1.2.0',
122 silly addNameRange     '1.3.0',
122 silly addNameRange     '1.3.1',
122 silly addNameRange     '1.3.2',
122 silly addNameRange     '1.3.3',
122 silly addNameRange     '1.3.4',
122 silly addNameRange     '1.3.5',
122 silly addNameRange     '1.3.6',
122 silly addNameRange     '1.3.7',
122 silly addNameRange     '1.3.8',
122 silly addNameRange     '1.4.0',
122 silly addNameRange     '1.5.0',
122 silly addNameRange     '1.5.1',
122 silly addNameRange     '2.0.0',
122 silly addNameRange     '2.0.1',
122 silly addNameRange     '2.0.2',
122 silly addNameRange     '2.0.3',
122 silly addNameRange     '2.0.4',
122 silly addNameRange     '2.1.0',
122 silly addNameRange     '2.2.0',
122 silly addNameRange     '2.3.0',
122 silly addNameRange     '2.3.1',
122 silly addNameRange     '2.3.2',
122 silly addNameRange     '2.4.0',
122 silly addNameRange     '2.5.0',
122 silly addNameRange     '2.6.0',
122 silly addNameRange     '3.0.0',
122 silly addNameRange     '4.0.0',
122 silly addNameRange     '4.0.1',
122 silly addNameRange     '4.0.2',
122 silly addNameRange     '4.1.0',
122 silly addNameRange     '4.2.0',
122 silly addNameRange     '4.3.0',
122 silly addNameRange     '4.3.1',
122 silly addNameRange     '4.4.0',
122 silly addNameRange     '4.4.1',
122 silly addNameRange     '4.5.0',
122 silly addNameRange     '5.0.0',
122 silly addNameRange     '5.0.1',
122 silly addNameRange     '5.1.0',
122 silly addNameRange     '5.1.1',
122 silly addNameRange     '5.1.2' ] ]
123 silly addNamed ethereumjs-util@4.5.0
124 verbose addNamed "4.5.0" is a plain semver version for ethereumjs-util
125 silly cache afterAdd ethereumjs-util@4.5.0
126 verbose afterAdd /home/gnu/.npm/ethereumjs-util/4.5.0/package/package.json not in flight; writing
127 verbose afterAdd /home/gnu/.npm/ethereumjs-util/4.5.0/package/package.json written
128 silly fetchNamedPackageData keccakjs
129 silly mapToRegistry name keccakjs
130 silly mapToRegistry using default registry
131 silly mapToRegistry registry https://registry.npmjs.org/
132 silly mapToRegistry uri https://registry.npmjs.org/keccakjs
133 verbose request uri https://registry.npmjs.org/keccakjs
134 verbose request no auth needed
135 info attempt registry request try #1 at 11:41:43 PM
136 verbose etag W/"573cdcdb-1342"
137 verbose lastModified Wed, 18 May 2016 21:21:31 GMT
138 http request GET https://registry.npmjs.org/keccakjs
139 http 304 https://registry.npmjs.org/keccakjs
140 verbose headers { date: 'Sat, 11 Nov 2017 07:41:43 GMT',
140 verbose headers   via: '1.1 varnish',
140 verbose headers   'cache-control': 'max-age=300',
140 verbose headers   etag: 'W/"573cdcdb-1342"',
140 verbose headers   age: '0',
140 verbose headers   connection: 'keep-alive',
140 verbose headers   'x-served-by': 'cache-fjr7922-FJR',
140 verbose headers   'x-cache': 'MISS',
140 verbose headers   'x-cache-hits': '0',
140 verbose headers   'x-timer': 'S1510386104.700955,VS0,VE215',
140 verbose headers   vary: 'Accept-Encoding, Accept' }
141 silly get cb [ 304,
141 silly get   { date: 'Sat, 11 Nov 2017 07:41:43 GMT',
141 silly get     via: '1.1 varnish',
141 silly get     'cache-control': 'max-age=300',
141 silly get     etag: 'W/"573cdcdb-1342"',
141 silly get     age: '0',
141 silly get     connection: 'keep-alive',
141 silly get     'x-served-by': 'cache-fjr7922-FJR',
141 silly get     'x-cache': 'MISS',
141 silly get     'x-cache-hits': '0',
141 silly get     'x-timer': 'S1510386104.700955,VS0,VE215',
141 silly get     vary: 'Accept-Encoding, Accept' } ]
142 verbose etag https://registry.npmjs.org/keccakjs from cache
143 verbose get saving keccakjs to /home/gnu/.npm/registry.npmjs.org/keccakjs/.cache.json
144 silly resolveWithNewModule keccakjs@0.2.1 checking installable status
145 silly cache add args [ 'keccakjs@^0.2.0', null ]
146 verbose cache add spec keccakjs@^0.2.0
147 silly cache add parsed spec Result {
147 silly cache add   raw: 'keccakjs@^0.2.0',
147 silly cache add   scope: null,
147 silly cache add   name: 'keccakjs',
147 silly cache add   rawSpec: '^0.2.0',
147 silly cache add   spec: '>=0.2.0 <0.3.0',
147 silly cache add   type: 'range' }
148 silly addNamed keccakjs@>=0.2.0 <0.3.0
149 verbose addNamed ">=0.2.0 <0.3.0" is a valid semver range for keccakjs
150 silly addNameRange { name: 'keccakjs', range: '>=0.2.0 <0.3.0', hasData: false }
151 silly mapToRegistry name keccakjs
152 silly mapToRegistry using default registry
153 silly mapToRegistry registry https://registry.npmjs.org/
154 silly mapToRegistry uri https://registry.npmjs.org/keccakjs
155 verbose addNameRange registry:https://registry.npmjs.org/keccakjs not in flight; fetching
156 verbose get https://registry.npmjs.org/keccakjs not expired, no request
157 silly addNameRange number 2 { name: 'keccakjs', range: '>=0.2.0 <0.3.0', hasData: true }
158 silly addNameRange versions [ 'keccakjs', [ '0.1.0', '0.2.0', '0.2.1' ] ]
159 silly addNamed keccakjs@0.2.1
160 verbose addNamed "0.2.1" is a plain semver version for keccakjs
161 silly cache afterAdd keccakjs@0.2.1
162 verbose afterAdd /home/gnu/.npm/keccakjs/0.2.1/package/package.json not in flight; writing
163 verbose afterAdd /home/gnu/.npm/keccakjs/0.2.1/package/package.json written
164 silly fetchNamedPackageData sha3
165 silly mapToRegistry name sha3
166 silly mapToRegistry using default registry
167 silly mapToRegistry registry https://registry.npmjs.org/
168 silly mapToRegistry uri https://registry.npmjs.org/sha3
169 verbose request uri https://registry.npmjs.org/sha3
170 verbose request no auth needed
171 info attempt registry request try #1 at 11:41:43 PM
172 verbose etag W/"55db8933-18dd"
173 verbose lastModified Mon, 24 Aug 2015 21:14:27 GMT
174 http request GET https://registry.npmjs.org/sha3
175 http 304 https://registry.npmjs.org/sha3
176 verbose headers { date: 'Sat, 11 Nov 2017 07:41:43 GMT',
176 verbose headers   via: '1.1 varnish',
176 verbose headers   'cache-control': 'max-age=300',
176 verbose headers   etag: 'W/"55db8933-18dd"',
176 verbose headers   age: '0',
176 verbose headers   connection: 'keep-alive',
176 verbose headers   'x-served-by': 'cache-fjr7921-FJR',
176 verbose headers   'x-cache': 'MISS',
176 verbose headers   'x-cache-hits': '0',
176 verbose headers   'x-timer': 'S1510386104.986744,VS0,VE108',
176 verbose headers   vary: 'Accept-Encoding, Accept' }
177 silly get cb [ 304,
177 silly get   { date: 'Sat, 11 Nov 2017 07:41:43 GMT',
177 silly get     via: '1.1 varnish',
177 silly get     'cache-control': 'max-age=300',
177 silly get     etag: 'W/"55db8933-18dd"',
177 silly get     age: '0',
177 silly get     connection: 'keep-alive',
177 silly get     'x-served-by': 'cache-fjr7921-FJR',
177 silly get     'x-cache': 'MISS',
177 silly get     'x-cache-hits': '0',
177 silly get     'x-timer': 'S1510386104.986744,VS0,VE108',
177 silly get     vary: 'Accept-Encoding, Accept' } ]
178 verbose etag https://registry.npmjs.org/sha3 from cache
179 verbose get saving sha3 to /home/gnu/.npm/registry.npmjs.org/sha3/.cache.json
180 silly resolveWithNewModule sha3@1.2.0 checking installable status
181 silly cache add args [ 'sha3@^1.1.0', null ]
182 verbose cache add spec sha3@^1.1.0
183 silly cache add parsed spec Result {
183 silly cache add   raw: 'sha3@^1.1.0',
183 silly cache add   scope: null,
183 silly cache add   name: 'sha3',
183 silly cache add   rawSpec: '^1.1.0',
183 silly cache add   spec: '>=1.1.0 <2.0.0',
183 silly cache add   type: 'range' }
184 silly addNamed sha3@>=1.1.0 <2.0.0
185 verbose addNamed ">=1.1.0 <2.0.0" is a valid semver range for sha3
186 silly addNameRange { name: 'sha3', range: '>=1.1.0 <2.0.0', hasData: false }
187 silly mapToRegistry name sha3
188 silly mapToRegistry using default registry
189 silly mapToRegistry registry https://registry.npmjs.org/
190 silly mapToRegistry uri https://registry.npmjs.org/sha3
191 verbose addNameRange registry:https://registry.npmjs.org/sha3 not in flight; fetching
192 verbose get https://registry.npmjs.org/sha3 not expired, no request
193 silly addNameRange number 2 { name: 'sha3', range: '>=1.1.0 <2.0.0', hasData: true }
194 silly addNameRange versions [ 'sha3', [ '1.0.0', '1.1.0', '1.2.0' ] ]
195 silly addNamed sha3@1.2.0
196 verbose addNamed "1.2.0" is a plain semver version for sha3
197 silly cache afterAdd sha3@1.2.0
198 verbose afterAdd /home/gnu/.npm/sha3/1.2.0/package/package.json not in flight; writing
199 verbose afterAdd /home/gnu/.npm/sha3/1.2.0/package/package.json written
200 silly loadAllDepsIntoIdealTree Finishing
201 silly idealTree:prePrune ethersplay
201 silly idealTree:prePrune ├── ansi-regex@2.1.1
201 silly idealTree:prePrune ├── aproba@1.2.0
201 silly idealTree:prePrune ├── are-we-there-yet@1.1.4
201 silly idealTree:prePrune ├── bindings@1.3.0
201 silly idealTree:prePrune ├── bip66@1.1.5
201 silly idealTree:prePrune ├── bl@1.2.1
201 silly idealTree:prePrune ├── bn.js@4.11.8
201 silly idealTree:prePrune ├── brorand@1.1.0
201 silly idealTree:prePrune ├── browserify-aes@1.1.1
201 silly idealTree:prePrune ├── browserify-sha3@0.0.1
201 silly idealTree:prePrune ├── buffer-xor@1.0.3
201 silly idealTree:prePrune ├── chownr@1.0.1
201 silly idealTree:prePrune ├── cipher-base@1.0.4
201 silly idealTree:prePrune ├── code-point-at@1.1.0
201 silly idealTree:prePrune ├── console-control-strings@1.1.0
201 silly idealTree:prePrune ├── core-util-is@1.0.2
201 silly idealTree:prePrune ├── create-hash@1.1.3
201 silly idealTree:prePrune ├── create-hmac@1.1.6
201 silly idealTree:prePrune ├── deep-extend@0.4.2
201 silly idealTree:prePrune ├── delegates@1.0.0
201 silly idealTree:prePrune ├── drbg.js@1.0.1
201 silly idealTree:prePrune ├── elliptic@6.4.0
201 silly idealTree:prePrune ├── end-of-stream@1.4.0
201 silly idealTree:prePrune ├── ethereum-input-data-decoder@0.0.3
201 silly idealTree:prePrune ├── ethereumjs-abi@0.6.4
201 silly idealTree:prePrune ├── ethereumjs-util@4.5.0
201 silly idealTree:prePrune ├── evp_bytestokey@1.0.3
201 silly idealTree:prePrune ├── expand-template@1.1.0
201 silly idealTree:prePrune ├── gauge@2.7.4
201 silly idealTree:prePrune ├── github-from-package@0.0.0
201 silly idealTree:prePrune ├── has-unicode@2.0.1
201 silly idealTree:prePrune ├── hash-base@2.0.2
201 silly idealTree:prePrune ├── hash.js@1.1.3
201 silly idealTree:prePrune ├── hmac-drbg@1.0.1
201 silly idealTree:prePrune ├── inherits@2.0.3
201 silly idealTree:prePrune ├── ini@1.3.4
201 silly idealTree:prePrune ├── is-fullwidth-code-point@1.0.0
201 silly idealTree:prePrune ├── isarray@1.0.0
201 silly idealTree:prePrune ├── js-sha3@0.3.1
201 silly idealTree:prePrune ├── keccakjs@0.2.1
201 silly idealTree:prePrune ├─┬ md5.js@1.3.4
201 silly idealTree:prePrune │ └── hash-base@3.0.4
201 silly idealTree:prePrune ├── minimalistic-assert@1.0.0
201 silly idealTree:prePrune ├── minimalistic-crypto-utils@1.0.1
201 silly idealTree:prePrune ├── minimist@1.2.0
201 silly idealTree:prePrune ├─┬ mkdirp@0.5.1
201 silly idealTree:prePrune │ └── minimist@0.0.8
201 silly idealTree:prePrune ├── nan@2.7.0
201 silly idealTree:prePrune ├── node-abi@2.1.2
201 silly idealTree:prePrune ├── noop-logger@0.1.1
201 silly idealTree:prePrune ├── npmlog@4.1.2
201 silly idealTree:prePrune ├── number-is-nan@1.0.1
201 silly idealTree:prePrune ├── object-assign@4.1.1
201 silly idealTree:prePrune ├── once@1.4.0
201 silly idealTree:prePrune ├── os-homedir@1.0.2
201 silly idealTree:prePrune ├── prebuild-install@2.3.0
201 silly idealTree:prePrune ├── process-nextick-args@1.0.7
201 silly idealTree:prePrune ├── pump@1.0.2
201 silly idealTree:prePrune ├── rc@1.2.2
201 silly idealTree:prePrune ├── readable-stream@2.3.3
201 silly idealTree:prePrune ├── ripemd160@2.0.1
201 silly idealTree:prePrune ├── rlp@2.0.0
201 silly idealTree:prePrune ├── safe-buffer@5.1.1
201 silly idealTree:prePrune ├── secp256k1@3.3.1
201 silly idealTree:prePrune ├── semver@5.4.1
201 silly idealTree:prePrune ├── set-blocking@2.0.0
201 silly idealTree:prePrune ├── sha.js@2.4.9
201 silly idealTree:prePrune ├── sha3@1.2.0
201 silly idealTree:prePrune ├── signal-exit@3.0.2
201 silly idealTree:prePrune ├── simple-get@1.4.3
201 silly idealTree:prePrune ├── string_decoder@1.0.3
201 silly idealTree:prePrune ├── string-width@1.0.2
201 silly idealTree:prePrune ├── strip-ansi@3.0.1
201 silly idealTree:prePrune ├── strip-json-comments@2.0.1
201 silly idealTree:prePrune ├── tar-fs@1.16.0
201 silly idealTree:prePrune ├── tar-stream@1.5.4
201 silly idealTree:prePrune ├── tunnel-agent@0.6.0
201 silly idealTree:prePrune ├── unzip-response@1.0.2
201 silly idealTree:prePrune ├── util-deprecate@1.0.2
201 silly idealTree:prePrune ├── wide-align@1.1.2
201 silly idealTree:prePrune ├── wrappy@1.0.2
201 silly idealTree:prePrune └── xtend@4.0.1
202 silly loadIdealTree Finishing
203 silly currentTree ethersplay
203 silly currentTree ├── ansi-regex@2.1.1
203 silly currentTree ├── aproba@1.2.0
203 silly currentTree ├── are-we-there-yet@1.1.4
203 silly currentTree ├── bindings@1.3.0
203 silly currentTree ├── bip66@1.1.5
203 silly currentTree ├── bl@1.2.1
203 silly currentTree ├── bn.js@4.11.8
203 silly currentTree ├── brorand@1.1.0
203 silly currentTree ├── browserify-aes@1.1.1
203 silly currentTree ├── browserify-sha3@0.0.1
203 silly currentTree ├── buffer-xor@1.0.3
203 silly currentTree ├── chownr@1.0.1
203 silly currentTree ├── cipher-base@1.0.4
203 silly currentTree ├── code-point-at@1.1.0
203 silly currentTree ├── console-control-strings@1.1.0
203 silly currentTree ├── core-util-is@1.0.2
203 silly currentTree ├── create-hash@1.1.3
203 silly currentTree ├── create-hmac@1.1.6
203 silly currentTree ├── deep-extend@0.4.2
203 silly currentTree ├── delegates@1.0.0
203 silly currentTree ├── drbg.js@1.0.1
203 silly currentTree ├── elliptic@6.4.0
203 silly currentTree ├── end-of-stream@1.4.0
203 silly currentTree ├── evp_bytestokey@1.0.3
203 silly currentTree ├── expand-template@1.1.0
203 silly currentTree ├── gauge@2.7.4
203 silly currentTree ├── github-from-package@0.0.0
203 silly currentTree ├── has-unicode@2.0.1
203 silly currentTree ├── hash-base@2.0.2
203 silly currentTree ├── hash.js@1.1.3
203 silly currentTree ├── hmac-drbg@1.0.1
203 silly currentTree ├── inherits@2.0.3
203 silly currentTree ├── ini@1.3.4
203 silly currentTree ├── is-fullwidth-code-point@1.0.0
203 silly currentTree ├── isarray@1.0.0
203 silly currentTree ├── js-sha3@0.3.1
203 silly currentTree ├─┬ md5.js@1.3.4
203 silly currentTree │ └── hash-base@3.0.4
203 silly currentTree ├── minimalistic-assert@1.0.0
203 silly currentTree ├── minimalistic-crypto-utils@1.0.1
203 silly currentTree ├── minimist@1.2.0
203 silly currentTree ├─┬ mkdirp@0.5.1
203 silly currentTree │ └── minimist@0.0.8
203 silly currentTree ├── nan@2.7.0
203 silly currentTree ├── node-abi@2.1.2
203 silly currentTree ├── noop-logger@0.1.1
203 silly currentTree ├── npmlog@4.1.2
203 silly currentTree ├── number-is-nan@1.0.1
203 silly currentTree ├── object-assign@4.1.1
203 silly currentTree ├── once@1.4.0
203 silly currentTree ├── os-homedir@1.0.2
203 silly currentTree ├── prebuild-install@2.3.0
203 silly currentTree ├── process-nextick-args@1.0.7
203 silly currentTree ├── pump@1.0.2
203 silly currentTree ├── rc@1.2.2
203 silly currentTree ├── readable-stream@2.3.3
203 silly currentTree ├── ripemd160@2.0.1
203 silly currentTree ├── rlp@2.0.0
203 silly currentTree ├── safe-buffer@5.1.1
203 silly currentTree ├── secp256k1@3.3.1
203 silly currentTree ├── semver@5.4.1
203 silly currentTree ├── set-blocking@2.0.0
203 silly currentTree ├── sha.js@2.4.9
203 silly currentTree ├── signal-exit@3.0.2
203 silly currentTree ├── simple-get@1.4.3
203 silly currentTree ├── string_decoder@1.0.3
203 silly currentTree ├── string-width@1.0.2
203 silly currentTree ├── strip-ansi@3.0.1
203 silly currentTree ├── strip-json-comments@2.0.1
203 silly currentTree ├── tar-fs@1.16.0
203 silly currentTree ├── tar-stream@1.5.4
203 silly currentTree ├── tunnel-agent@0.6.0
203 silly currentTree ├── unzip-response@1.0.2
203 silly currentTree ├── util-deprecate@1.0.2
203 silly currentTree ├── wide-align@1.1.2
203 silly currentTree ├── wrappy@1.0.2
203 silly currentTree └── xtend@4.0.1
204 silly idealTree ethersplay
204 silly idealTree ├── ansi-regex@2.1.1
204 silly idealTree ├── aproba@1.2.0
204 silly idealTree ├── are-we-there-yet@1.1.4
204 silly idealTree ├── bindings@1.3.0
204 silly idealTree ├── bip66@1.1.5
204 silly idealTree ├── bl@1.2.1
204 silly idealTree ├── bn.js@4.11.8
204 silly idealTree ├── brorand@1.1.0
204 silly idealTree ├── browserify-aes@1.1.1
204 silly idealTree ├── browserify-sha3@0.0.1
204 silly idealTree ├── buffer-xor@1.0.3
204 silly idealTree ├── chownr@1.0.1
204 silly idealTree ├── cipher-base@1.0.4
204 silly idealTree ├── code-point-at@1.1.0
204 silly idealTree ├── console-control-strings@1.1.0
204 silly idealTree ├── core-util-is@1.0.2
204 silly idealTree ├── create-hash@1.1.3
204 silly idealTree ├── create-hmac@1.1.6
204 silly idealTree ├── deep-extend@0.4.2
204 silly idealTree ├── delegates@1.0.0
204 silly idealTree ├── drbg.js@1.0.1
204 silly idealTree ├── elliptic@6.4.0
204 silly idealTree ├── end-of-stream@1.4.0
204 silly idealTree ├── ethereum-input-data-decoder@0.0.3
204 silly idealTree ├── ethereumjs-abi@0.6.4
204 silly idealTree ├── ethereumjs-util@4.5.0
204 silly idealTree ├── evp_bytestokey@1.0.3
204 silly idealTree ├── expand-template@1.1.0
204 silly idealTree ├── gauge@2.7.4
204 silly idealTree ├── github-from-package@0.0.0
204 silly idealTree ├── has-unicode@2.0.1
204 silly idealTree ├── hash-base@2.0.2
204 silly idealTree ├── hash.js@1.1.3
204 silly idealTree ├── hmac-drbg@1.0.1
204 silly idealTree ├── inherits@2.0.3
204 silly idealTree ├── ini@1.3.4
204 silly idealTree ├── is-fullwidth-code-point@1.0.0
204 silly idealTree ├── isarray@1.0.0
204 silly idealTree ├── js-sha3@0.3.1
204 silly idealTree ├── keccakjs@0.2.1
204 silly idealTree ├─┬ md5.js@1.3.4
204 silly idealTree │ └── hash-base@3.0.4
204 silly idealTree ├── minimalistic-assert@1.0.0
204 silly idealTree ├── minimalistic-crypto-utils@1.0.1
204 silly idealTree ├── minimist@1.2.0
204 silly idealTree ├─┬ mkdirp@0.5.1
204 silly idealTree │ └── minimist@0.0.8
204 silly idealTree ├── nan@2.7.0
204 silly idealTree ├── node-abi@2.1.2
204 silly idealTree ├── noop-logger@0.1.1
204 silly idealTree ├── npmlog@4.1.2
204 silly idealTree ├── number-is-nan@1.0.1
204 silly idealTree ├── object-assign@4.1.1
204 silly idealTree ├── once@1.4.0
204 silly idealTree ├── os-homedir@1.0.2
204 silly idealTree ├── prebuild-install@2.3.0
204 silly idealTree ├── process-nextick-args@1.0.7
204 silly idealTree ├── pump@1.0.2
204 silly idealTree ├── rc@1.2.2
204 silly idealTree ├── readable-stream@2.3.3
204 silly idealTree ├── ripemd160@2.0.1
204 silly idealTree ├── rlp@2.0.0
204 silly idealTree ├── safe-buffer@5.1.1
204 silly idealTree ├── secp256k1@3.3.1
204 silly idealTree ├── semver@5.4.1
204 silly idealTree ├── set-blocking@2.0.0
204 silly idealTree ├── sha.js@2.4.9
204 silly idealTree ├── sha3@1.2.0
204 silly idealTree ├── signal-exit@3.0.2
204 silly idealTree ├── simple-get@1.4.3
204 silly idealTree ├── string_decoder@1.0.3
204 silly idealTree ├── string-width@1.0.2
204 silly idealTree ├── strip-ansi@3.0.1
204 silly idealTree ├── strip-json-comments@2.0.1
204 silly idealTree ├── tar-fs@1.16.0
204 silly idealTree ├── tar-stream@1.5.4
204 silly idealTree ├── tunnel-agent@0.6.0
204 silly idealTree ├── unzip-response@1.0.2
204 silly idealTree ├── util-deprecate@1.0.2
204 silly idealTree ├── wide-align@1.1.2
204 silly idealTree ├── wrappy@1.0.2
204 silly idealTree └── xtend@4.0.1
205 silly generateActionsToTake Starting
206 silly install generateActionsToTake
207 silly generateActionsToTake Finishing
208 silly diffTrees action count 5
209 silly diffTrees add sha3@1.2.0
210 silly diffTrees add keccakjs@0.2.1
211 silly diffTrees add ethereumjs-util@4.5.0
212 silly diffTrees add ethereumjs-abi@0.6.4
213 silly diffTrees add ethereum-input-data-decoder@0.0.3
214 silly decomposeActions action count 40
215 silly decomposeActions fetch sha3@1.2.0
216 silly decomposeActions extract sha3@1.2.0
217 silly decomposeActions test sha3@1.2.0
218 silly decomposeActions preinstall sha3@1.2.0
219 silly decomposeActions build sha3@1.2.0
220 silly decomposeActions install sha3@1.2.0
221 silly decomposeActions postinstall sha3@1.2.0
222 silly decomposeActions finalize sha3@1.2.0
223 silly decomposeActions fetch keccakjs@0.2.1
224 silly decomposeActions extract keccakjs@0.2.1
225 silly decomposeActions test keccakjs@0.2.1
226 silly decomposeActions preinstall keccakjs@0.2.1
227 silly decomposeActions build keccakjs@0.2.1
228 silly decomposeActions install keccakjs@0.2.1
229 silly decomposeActions postinstall keccakjs@0.2.1
230 silly decomposeActions finalize keccakjs@0.2.1
231 silly decomposeActions fetch ethereumjs-util@4.5.0
232 silly decomposeActions extract ethereumjs-util@4.5.0
233 silly decomposeActions test ethereumjs-util@4.5.0
234 silly decomposeActions preinstall ethereumjs-util@4.5.0
235 silly decomposeActions build ethereumjs-util@4.5.0
236 silly decomposeActions install ethereumjs-util@4.5.0
237 silly decomposeActions postinstall ethereumjs-util@4.5.0
238 silly decomposeActions finalize ethereumjs-util@4.5.0
239 silly decomposeActions fetch ethereumjs-abi@0.6.4
240 silly decomposeActions extract ethereumjs-abi@0.6.4
241 silly decomposeActions test ethereumjs-abi@0.6.4
242 silly decomposeActions preinstall ethereumjs-abi@0.6.4
243 silly decomposeActions build ethereumjs-abi@0.6.4
244 silly decomposeActions install ethereumjs-abi@0.6.4
245 silly decomposeActions postinstall ethereumjs-abi@0.6.4
246 silly decomposeActions finalize ethereumjs-abi@0.6.4
247 silly decomposeActions fetch ethereum-input-data-decoder@0.0.3
248 silly decomposeActions extract ethereum-input-data-decoder@0.0.3
249 silly decomposeActions test ethereum-input-data-decoder@0.0.3
250 silly decomposeActions preinstall ethereum-input-data-decoder@0.0.3
251 silly decomposeActions build ethereum-input-data-decoder@0.0.3
252 silly decomposeActions install ethereum-input-data-decoder@0.0.3
253 silly decomposeActions postinstall ethereum-input-data-decoder@0.0.3
254 silly decomposeActions finalize ethereum-input-data-decoder@0.0.3
255 silly executeActions Starting
256 silly install executeActions
257 silly doSerial global-install 0
258 silly doParallel fetch 5
259 verbose lock using /home/gnu/.npm/_locks/staging-bdbd3c298d4ba582.lock for /home/gnu/ctf/csaw2017/ethersplay/node_modules/.staging
260 silly doParallel extract 5
261 silly extract sha3@1.2.0
262 silly extract keccakjs@0.2.1
263 silly extract ethereumjs-util@4.5.0
264 silly extract ethereumjs-abi@0.6.4
265 silly extract ethereum-input-data-decoder@0.0.3
266 verbose unbuild node_modules/.staging/sha3-9721f095
267 verbose unbuild node_modules/.staging/keccakjs-4c6ec48c
268 verbose unbuild node_modules/.staging/ethereumjs-util-81eb47d4
269 verbose unbuild node_modules/.staging/ethereumjs-abi-61b59083
270 verbose unbuild node_modules/.staging/ethereum-input-data-decoder-721a8669
271 silly gentlyRm /home/gnu/ctf/csaw2017/ethersplay/node_modules/.staging/sha3-9721f095 is being purged from base /home/gnu/ctf/csaw2017/ethersplay
272 verbose gentlyRm don't care about contents; nuking /home/gnu/ctf/csaw2017/ethersplay/node_modules/.staging/sha3-9721f095
273 silly gentlyRm /home/gnu/ctf/csaw2017/ethersplay/node_modules/.staging/keccakjs-4c6ec48c is being purged from base /home/gnu/ctf/csaw2017/ethersplay
274 verbose gentlyRm don't care about contents; nuking /home/gnu/ctf/csaw2017/ethersplay/node_modules/.staging/keccakjs-4c6ec48c
275 silly gentlyRm /home/gnu/ctf/csaw2017/ethersplay/node_modules/.staging/ethereumjs-util-81eb47d4 is being purged from base /home/gnu/ctf/csaw2017/ethersplay
276 verbose gentlyRm don't care about contents; nuking /home/gnu/ctf/csaw2017/ethersplay/node_modules/.staging/ethereumjs-util-81eb47d4
277 silly gentlyRm /home/gnu/ctf/csaw2017/ethersplay/node_modules/.staging/ethereumjs-abi-61b59083 is being purged from base /home/gnu/ctf/csaw2017/ethersplay
278 verbose gentlyRm don't care about contents; nuking /home/gnu/ctf/csaw2017/ethersplay/node_modules/.staging/ethereumjs-abi-61b59083
279 silly gentlyRm /home/gnu/ctf/csaw2017/ethersplay/node_modules/.staging/ethereum-input-data-decoder-721a8669 is being purged from base /home/gnu/ctf/csaw2017/ethersplay
280 verbose gentlyRm don't care about contents; nuking /home/gnu/ctf/csaw2017/ethersplay/node_modules/.staging/ethereum-input-data-decoder-721a8669
281 verbose tar unpack /home/gnu/.npm/sha3/1.2.0/package.tgz
282 verbose tar unpacking to /home/gnu/ctf/csaw2017/ethersplay/node_modules/.staging/sha3-9721f095
283 silly gentlyRm /home/gnu/ctf/csaw2017/ethersplay/node_modules/.staging/sha3-9721f095 is being purged
284 verbose gentlyRm don't care about contents; nuking /home/gnu/ctf/csaw2017/ethersplay/node_modules/.staging/sha3-9721f095
285 verbose tar unpack /home/gnu/.npm/keccakjs/0.2.1/package.tgz
286 verbose tar unpacking to /home/gnu/ctf/csaw2017/ethersplay/node_modules/.staging/keccakjs-4c6ec48c
287 silly gentlyRm /home/gnu/ctf/csaw2017/ethersplay/node_modules/.staging/keccakjs-4c6ec48c is being purged
288 verbose gentlyRm don't care about contents; nuking /home/gnu/ctf/csaw2017/ethersplay/node_modules/.staging/keccakjs-4c6ec48c
289 verbose tar unpack /home/gnu/.npm/ethereumjs-util/4.5.0/package.tgz
290 verbose tar unpacking to /home/gnu/ctf/csaw2017/ethersplay/node_modules/.staging/ethereumjs-util-81eb47d4
291 silly gentlyRm /home/gnu/ctf/csaw2017/ethersplay/node_modules/.staging/ethereumjs-util-81eb47d4 is being purged
292 verbose gentlyRm don't care about contents; nuking /home/gnu/ctf/csaw2017/ethersplay/node_modules/.staging/ethereumjs-util-81eb47d4
293 verbose tar unpack /home/gnu/.npm/ethereumjs-abi/0.6.4/package.tgz
294 verbose tar unpacking to /home/gnu/ctf/csaw2017/ethersplay/node_modules/.staging/ethereumjs-abi-61b59083
295 silly gentlyRm /home/gnu/ctf/csaw2017/ethersplay/node_modules/.staging/ethereumjs-abi-61b59083 is being purged
296 verbose gentlyRm don't care about contents; nuking /home/gnu/ctf/csaw2017/ethersplay/node_modules/.staging/ethereumjs-abi-61b59083
297 verbose tar unpack /home/gnu/.npm/ethereum-input-data-decoder/0.0.3/package.tgz
298 verbose tar unpacking to /home/gnu/ctf/csaw2017/ethersplay/node_modules/.staging/ethereum-input-data-decoder-721a8669
299 silly gentlyRm /home/gnu/ctf/csaw2017/ethersplay/node_modules/.staging/ethereum-input-data-decoder-721a8669 is being purged
300 verbose gentlyRm don't care about contents; nuking /home/gnu/ctf/csaw2017/ethersplay/node_modules/.staging/ethereum-input-data-decoder-721a8669
301 silly gunzTarPerm modes [ '755', '644' ]
302 silly gunzTarPerm modes [ '755', '644' ]
303 silly gunzTarPerm modes [ '755', '644' ]
304 silly gunzTarPerm modes [ '755', '644' ]
305 silly gunzTarPerm modes [ '755', '644' ]
306 silly gunzTarPerm extractEntry package.json
307 silly gunzTarPerm extractEntry package.json
308 silly gunzTarPerm extractEntry package.json
309 silly gunzTarPerm extractEntry package.json
310 silly gunzTarPerm extractEntry package.json
311 silly gunzTarPerm extractEntry .npmignore
312 silly gunzTarPerm extractEntry README.md
313 silly gunzTarPerm extractEntry .npmignore
314 silly gunzTarPerm extractEntry README.md
315 silly gunzTarPerm extractEntry .npmignore
316 silly gunzTarPerm extractEntry README.md
317 silly gunzTarPerm extractEntry .npmignore
318 silly gunzTarPerm extractEntry README.md
319 silly gunzTarPerm extractEntry .npmignore
320 silly gunzTarPerm extractEntry README.md
321 silly gunzTarPerm extractEntry LICENSE
322 silly gunzTarPerm extractEntry binding.gyp
323 silly gunzTarPerm extractEntry test.js
324 silly gunzTarPerm extractEntry index.js
325 silly gunzTarPerm extractEntry LICENSE
326 silly gunzTarPerm extractEntry index.js
327 silly gunzTarPerm extractEntry index.js
328 silly gunzTarPerm extractEntry CHANGELOG.md
329 silly gunzTarPerm extractEntry LICENSE
330 silly gunzTarPerm extractEntry browser.js
331 silly gunzTarPerm extractEntry src/KeccakSponge.cpp
332 silly gunzTarPerm extractEntry karma.conf.js
333 silly gunzTarPerm extractEntry src/KeccakF-1600-int-set.h
334 silly gunzTarPerm extractEntry .travis.yml
335 silly gunzTarPerm extractEntry lib/index.js
336 silly gunzTarPerm extractEntry LICENSE.md
337 silly gunzTarPerm extractEntry example/bundle.js
338 silly gunzTarPerm extractEntry index.js
339 silly gunzTarPerm extractEntry src/KeccakF-1600-reference.cpp
340 silly gunzTarPerm extractEntry src/KeccakNISTInterface.cpp
341 silly gunzTarPerm extractEntry coverage/coverage.json
342 silly gunzTarPerm extractEntry coverage/lcov-report/prettify.js
343 silly gunzTarPerm extractEntry test/index.js
344 silly gunzTarPerm extractEntry coverage/lcov-report/sorter.js
345 silly gunzTarPerm extractEntry coverage/lcov-report/base.css
346 silly gunzTarPerm extractEntry coverage/lcov-report/ethereumjs-util/index.html
347 silly gunzTarPerm extractEntry coverage/lcov-report/ethereumjs-util/index.js.html
348 silly gunzTarPerm extractEntry src/KeccakNISTInterface.h
349 silly gunzTarPerm extractEntry src/KeccakF-1600-interface.h
350 silly gunzTarPerm extractEntry src/KeccakSponge.h
351 silly gunzTarPerm extractEntry src/addon.cpp
352 silly gunzTarPerm extractEntry coverage/lcov-report/index.html
353 silly gunzTarPerm extractEntry coverage/lcov-report/prettify.css
354 silly gunzTarPerm extractEntry example/main.js
355 silly gunzTarPerm extractEntry example/bundle.js.tmp-browserify-59790855088467687040
356 silly gunzTarPerm extractEntry example/index.html
357 silly gunzTarPerm extractEntry example/style.css
358 silly gunzTarPerm extractEntry coverage/lcov-report/sort-arrow-sprite.png
359 silly gunzTarPerm extractEntry coverage/lcov.info
360 silly gunzTarPerm extractEntry .package.json.swo
361 silly gunzTarPerm extractEntry .gitattributes
362 silly gunzTarPerm extractEntry src/brg_endian.h
363 silly gunzTarPerm extractEntry src/displayIntermediateValues.cpp
364 silly gunzTarPerm extractEntry .travis.yml
365 silly gunzTarPerm extractEntry .editorconfig
366 silly gunzTarPerm extractEntry test/index.js
367 silly gunzTarPerm extractEntry test/abi.json
368 silly gunzTarPerm extractEntry src/displayIntermediateValues.h
369 silly gunzTarPerm extractEntry .travis.yml
370 silly gunzTarPerm extractEntry test/defineFields.js
371 silly gunzTarPerm extractEntry test/index.js
372 silly gunzTarPerm extractEntry test/.tern-port
373 silly gunzTarPerm extractEntry docs/index.md
374 silly gentlyRm /home/gnu/ctf/csaw2017/ethersplay/node_modules/.staging/keccakjs-4c6ec48c/node_modules is being purged
375 verbose gentlyRm don't care about contents; nuking /home/gnu/ctf/csaw2017/ethersplay/node_modules/.staging/keccakjs-4c6ec48c/node_modules
376 silly gunzTarPerm extractEntry test/unit_tests.js
377 silly gunzTarPerm extractEntry test/data/README
378 silly gunzTarPerm extractEntry test/data/LongMsgKAT_224.txt
379 silly gentlyRm /home/gnu/ctf/csaw2017/ethersplay/node_modules/.staging/ethereumjs-abi-61b59083/node_modules is being purged
380 verbose gentlyRm don't care about contents; nuking /home/gnu/ctf/csaw2017/ethersplay/node_modules/.staging/ethereumjs-abi-61b59083/node_modules
381 silly gentlyRm /home/gnu/ctf/csaw2017/ethersplay/node_modules/.staging/ethereum-input-data-decoder-721a8669/node_modules is being purged
382 verbose gentlyRm don't care about contents; nuking /home/gnu/ctf/csaw2017/ethersplay/node_modules/.staging/ethereum-input-data-decoder-721a8669/node_modules
383 silly gunzTarPerm extractEntry test/data/ShortMsgKAT_224.txt
384 silly gentlyRm /home/gnu/ctf/csaw2017/ethersplay/node_modules/.staging/ethereumjs-util-81eb47d4/node_modules is being purged
385 verbose gentlyRm don't care about contents; nuking /home/gnu/ctf/csaw2017/ethersplay/node_modules/.staging/ethereumjs-util-81eb47d4/node_modules
386 silly gunzTarPerm extractEntry test/data/ShortMsgKAT_256.txt
387 silly gunzTarPerm extractEntry test/data/ShortMsgKAT_384.txt
388 silly gunzTarPerm extractEntry test/data/ShortMsgKAT_512.txt
389 silly gunzTarPerm extractEntry test/generate_tests.py
390 silly gentlyRm /home/gnu/ctf/csaw2017/ethersplay/node_modules/.staging/sha3-9721f095/node_modules is being purged
391 verbose gentlyRm don't care about contents; nuking /home/gnu/ctf/csaw2017/ethersplay/node_modules/.staging/sha3-9721f095/node_modules
392 silly doParallel preinstall 5
393 silly preinstall sha3@1.2.0 /home/gnu/ctf/csaw2017/ethersplay/node_modules/.staging/sha3-9721f095
394 info lifecycle sha3@1.2.0~preinstall: sha3@1.2.0
395 silly preinstall keccakjs@0.2.1 /home/gnu/ctf/csaw2017/ethersplay/node_modules/.staging/keccakjs-4c6ec48c
396 info lifecycle keccakjs@0.2.1~preinstall: keccakjs@0.2.1
397 silly preinstall ethereumjs-util@4.5.0 /home/gnu/ctf/csaw2017/ethersplay/node_modules/.staging/ethereumjs-util-81eb47d4
398 info lifecycle ethereumjs-util@4.5.0~preinstall: ethereumjs-util@4.5.0
399 silly preinstall ethereumjs-abi@0.6.4 /home/gnu/ctf/csaw2017/ethersplay/node_modules/.staging/ethereumjs-abi-61b59083
400 info lifecycle ethereumjs-abi@0.6.4~preinstall: ethereumjs-abi@0.6.4
401 silly preinstall ethereum-input-data-decoder@0.0.3 /home/gnu/ctf/csaw2017/ethersplay/node_modules/.staging/ethereum-input-data-decoder-721a8669
402 info lifecycle ethereum-input-data-decoder@0.0.3~preinstall: ethereum-input-data-decoder@0.0.3
403 silly lifecycle sha3@1.2.0~preinstall: no script for preinstall, continuing
404 silly lifecycle keccakjs@0.2.1~preinstall: no script for preinstall, continuing
405 silly lifecycle ethereumjs-util@4.5.0~preinstall: no script for preinstall, continuing
406 silly lifecycle ethereumjs-abi@0.6.4~preinstall: no script for preinstall, continuing
407 silly lifecycle ethereum-input-data-decoder@0.0.3~preinstall: no script for preinstall, continuing
408 silly doReverseSerial remove 0
409 silly doSerial move 0
410 silly doSerial finalize 5
411 silly finalize /home/gnu/ctf/csaw2017/ethersplay/node_modules/sha3
412 silly finalize /home/gnu/ctf/csaw2017/ethersplay/node_modules/keccakjs
413 silly finalize /home/gnu/ctf/csaw2017/ethersplay/node_modules/ethereumjs-util
414 silly finalize /home/gnu/ctf/csaw2017/ethersplay/node_modules/ethereumjs-abi
415 silly finalize /home/gnu/ctf/csaw2017/ethersplay/node_modules/ethereum-input-data-decoder
416 silly doSerial build 5
417 silly build sha3@1.2.0
418 info linkStuff sha3@1.2.0
419 silly linkStuff sha3@1.2.0 has /home/gnu/ctf/csaw2017/ethersplay/node_modules as its parent node_modules
420 verbose linkBins sha3@1.2.0
421 verbose linkMans sha3@1.2.0
422 silly build keccakjs@0.2.1
423 info linkStuff keccakjs@0.2.1
424 silly linkStuff keccakjs@0.2.1 has /home/gnu/ctf/csaw2017/ethersplay/node_modules as its parent node_modules
425 verbose linkBins keccakjs@0.2.1
426 verbose linkMans keccakjs@0.2.1
427 silly build ethereumjs-util@4.5.0
428 info linkStuff ethereumjs-util@4.5.0
429 silly linkStuff ethereumjs-util@4.5.0 has /home/gnu/ctf/csaw2017/ethersplay/node_modules as its parent node_modules
430 verbose linkBins ethereumjs-util@4.5.0
431 verbose linkMans ethereumjs-util@4.5.0
432 silly build ethereumjs-abi@0.6.4
433 info linkStuff ethereumjs-abi@0.6.4
434 silly linkStuff ethereumjs-abi@0.6.4 has /home/gnu/ctf/csaw2017/ethersplay/node_modules as its parent node_modules
435 verbose linkBins ethereumjs-abi@0.6.4
436 verbose linkMans ethereumjs-abi@0.6.4
437 silly build ethereum-input-data-decoder@0.0.3
438 info linkStuff ethereum-input-data-decoder@0.0.3
439 silly linkStuff ethereum-input-data-decoder@0.0.3 has /home/gnu/ctf/csaw2017/ethersplay/node_modules as its parent node_modules
440 verbose linkBins ethereum-input-data-decoder@0.0.3
441 verbose linkMans ethereum-input-data-decoder@0.0.3
442 silly doSerial global-link 0
443 silly doParallel update-linked 0
444 silly doSerial install 5
445 silly install sha3@1.2.0 /home/gnu/ctf/csaw2017/ethersplay/node_modules/.staging/sha3-9721f095
446 info lifecycle sha3@1.2.0~install: sha3@1.2.0
447 verbose lifecycle sha3@1.2.0~install: unsafe-perm in lifecycle false
448 verbose lifecycle sha3@1.2.0~install: PATH: /usr/share/npm/bin/node-gyp-bin:/home/gnu/ctf/csaw2017/ethersplay/node_modules/sha3/node_modules/.bin:/home/gnu/ctf/csaw2017/ethersplay/node_modules/.bin:/usr/local/sbin:/usr/local/bin:/usr/sbin:/usr/bin:/sbin:/bin:/snap/bin
449 verbose lifecycle sha3@1.2.0~install: CWD: /home/gnu/ctf/csaw2017/ethersplay/node_modules/sha3
450 silly lifecycle sha3@1.2.0~install: Args: [ '-c', 'node-gyp rebuild' ]
451 silly lifecycle sha3@1.2.0~install: Returned: code: 1  signal: null
452 info lifecycle sha3@1.2.0~install: Failed to exec install script
453 verbose unlock done using /home/gnu/.npm/_locks/staging-bdbd3c298d4ba582.lock for /home/gnu/ctf/csaw2017/ethersplay/node_modules/.staging
454 silly rollbackFailedOptional Starting
455 silly rollbackFailedOptional Finishing
456 silly runTopLevelLifecycles Starting
457 silly runTopLevelLifecycles Finishing
458 silly install printInstalled
459 warn enoent ENOENT: no such file or directory, open '/home/gnu/ctf/csaw2017/ethersplay/package.json'
460 warn ethersplay No description
461 warn ethersplay No repository field.
462 warn ethersplay No README data
463 warn ethersplay No license field.
464 verbose stack Error: sha3@1.2.0 install: `node-gyp rebuild`
464 verbose stack Exit status 1
464 verbose stack     at EventEmitter.<anonymous> (/usr/share/npm/lib/utils/lifecycle.js:232:16)
464 verbose stack     at emitTwo (events.js:87:13)
464 verbose stack     at EventEmitter.emit (events.js:172:7)
464 verbose stack     at ChildProcess.<anonymous> (/usr/share/npm/lib/utils/spawn.js:24:14)
464 verbose stack     at emitTwo (events.js:87:13)
464 verbose stack     at ChildProcess.emit (events.js:172:7)
464 verbose stack     at maybeClose (internal/child_process.js:821:16)
464 verbose stack     at Process.ChildProcess._handle.onexit (internal/child_process.js:211:5)
465 verbose pkgid sha3@1.2.0
466 verbose cwd /home/gnu/ctf/csaw2017/ethersplay
467 error Linux 4.10.0-38-generic
468 error argv "/usr/bin/nodejs" "/usr/bin/npm" "install" "ethereum-input-data-decoder"
469 error node v4.2.6
470 error npm  v3.5.2
471 error code ELIFECYCLE
472 error sha3@1.2.0 install: `node-gyp rebuild`
472 error Exit status 1
473 error Failed at the sha3@1.2.0 install script 'node-gyp rebuild'.
473 error Make sure you have the latest version of node.js and npm installed.
473 error If you do, this is most likely a problem with the sha3 package,
473 error not with npm itself.
473 error Tell the author that this fails on your system:
473 error     node-gyp rebuild
473 error You can get information on how to open an issue for this project with:
473 error     npm bugs sha3
473 error Or if that isn't available, you can get their info via:
473 error     npm owner ls sha3
473 error There is likely additional logging output above.
474 verbose exit [ 1, true ]
